Analysis & Synthesis report for GuessGame
Thu Oct 24 15:49:28 2013
Quartus II 64-Bit Version 12.1 Build 177 11/07/2012 SJ Full Version


---------------------
; Table of Contents ;
---------------------
  1. Legal Notice
  2. Analysis & Synthesis Summary
  3. Analysis & Synthesis Settings
  4. Parallel Compilation
  5. Analysis & Synthesis Source Files Read
  6. Analysis & Synthesis Resource Usage Summary
  7. Analysis & Synthesis Resource Utilization by Entity
  8. User-Specified and Inferred Latches
  9. General Register Statistics
 10. Multiplexer Restructuring Statistics (Restructuring Performed)
 11. Port Connectivity Checks: "Bin2Hex:u3"
 12. Elapsed Time Per Partition
 13. Analysis & Synthesis Messages



----------------
; Legal Notice ;
----------------
Copyright (C) 1991-2012 Altera Corporation
Your use of Altera Corporation's design tools, logic functions 
and other software and tools, and its AMPP partner logic 
functions, and any output files from any of the foregoing 
(including device programming or simulation files), and any 
associated documentation or information are expressly subject 
to the terms and conditions of the Altera Program License 
Subscription Agreement, Altera MegaCore Function License 
Agreement, or other applicable license agreement, including, 
without limitation, that your use is for the sole purpose of 
programming logic devices manufactured by Altera and sold by 
Altera or its authorized distributors.  Please refer to the 
applicable agreement for further details.



+--------------------------------------------------------------------------------+
; Analysis & Synthesis Summary                                                   ;
+------------------------------------+-------------------------------------------+
; Analysis & Synthesis Status        ; Successful - Thu Oct 24 15:49:28 2013     ;
; Quartus II 64-Bit Version          ; 12.1 Build 177 11/07/2012 SJ Full Version ;
; Revision Name                      ; GuessGame                                 ;
; Top-level Entity Name              ; TwoPlayer                                 ;
; Family                             ; Cyclone II                                ;
; Total logic elements               ; 143                                       ;
;     Total combinational functions  ; 143                                       ;
;     Dedicated logic registers      ; 0                                         ;
; Total registers                    ; 0                                         ;
; Total pins                         ; 33                                        ;
; Total virtual pins                 ; 0                                         ;
; Total memory bits                  ; 0                                         ;
; Embedded Multiplier 9-bit elements ; 0                                         ;
; Total PLLs                         ; 0                                         ;
+------------------------------------+-------------------------------------------+


+----------------------------------------------------------------------------------------------------------------------+
; Analysis & Synthesis Settings                                                                                        ;
+----------------------------------------------------------------------------+--------------------+--------------------+
; Option                                                                     ; Setting            ; Default Value      ;
+----------------------------------------------------------------------------+--------------------+--------------------+
; Device                                                                     ; EP2C35F672C6       ;                    ;
; Top-level entity name                                                      ; TwoPlayer          ; GuessGame          ;
; Family name                                                                ; Cyclone II         ; Cyclone IV GX      ;
; Use smart compilation                                                      ; Off                ; Off                ;
; Enable parallel Assembler and TimeQuest Timing Analyzer during compilation ; On                 ; On                 ;
; Enable compact report table                                                ; Off                ; Off                ;
; Restructure Multiplexers                                                   ; Auto               ; Auto               ;
; Create Debugging Nodes for IP Cores                                        ; Off                ; Off                ;
; Preserve fewer node names                                                  ; On                 ; On                 ;
; Disable OpenCore Plus hardware evaluation                                  ; Off                ; Off                ;
; Verilog Version                                                            ; Verilog_2001       ; Verilog_2001       ;
; VHDL Version                                                               ; VHDL_1993          ; VHDL_1993          ;
; State Machine Processing                                                   ; Auto               ; Auto               ;
; Safe State Machine                                                         ; Off                ; Off                ;
; Extract Verilog State Machines                                             ; On                 ; On                 ;
; Extract VHDL State Machines                                                ; On                 ; On                 ;
; Ignore Verilog initial constructs                                          ; Off                ; Off                ;
; Iteration limit for constant Verilog loops                                 ; 5000               ; 5000               ;
; Iteration limit for non-constant Verilog loops                             ; 250                ; 250                ;
; Add Pass-Through Logic to Inferred RAMs                                    ; On                 ; On                 ;
; Infer RAMs from Raw Logic                                                  ; On                 ; On                 ;
; Parallel Synthesis                                                         ; On                 ; On                 ;
; DSP Block Balancing                                                        ; Auto               ; Auto               ;
; NOT Gate Push-Back                                                         ; On                 ; On                 ;
; Power-Up Don't Care                                                        ; On                 ; On                 ;
; Remove Redundant Logic Cells                                               ; Off                ; Off                ;
; Remove Duplicate Registers                                                 ; On                 ; On                 ;
; Ignore CARRY Buffers                                                       ; Off                ; Off                ;
; Ignore CASCADE Buffers                                                     ; Off                ; Off                ;
; Ignore GLOBAL Buffers                                                      ; Off                ; Off                ;
; Ignore ROW GLOBAL Buffers                                                  ; Off                ; Off                ;
; Ignore LCELL Buffers                                                       ; Off                ; Off                ;
; Ignore SOFT Buffers                                                        ; On                 ; On                 ;
; Limit AHDL Integers to 32 Bits                                             ; Off                ; Off                ;
; Optimization Technique                                                     ; Balanced           ; Balanced           ;
; Carry Chain Length                                                         ; 70                 ; 70                 ;
; Auto Carry Chains                                                          ; On                 ; On                 ;
; Auto Open-Drain Pins                                                       ; On                 ; On                 ;
; Perform WYSIWYG Primitive Resynthesis                                      ; Off                ; Off                ;
; Auto ROM Replacement                                                       ; On                 ; On                 ;
; Auto RAM Replacement                                                       ; On                 ; On                 ;
; Auto Shift Register Replacement                                            ; Auto               ; Auto               ;
; Allow Shift Register Merging across Hierarchies                            ; Auto               ; Auto               ;
; Auto Clock Enable Replacement                                              ; On                 ; On                 ;
; Strict RAM Replacement                                                     ; Off                ; Off                ;
; Allow Synchronous Control Signals                                          ; On                 ; On                 ;
; Force Use of Synchronous Clear Signals                                     ; Off                ; Off                ;
; Auto RAM to Logic Cell Conversion                                          ; Off                ; Off                ;
; Auto Resource Sharing                                                      ; Off                ; Off                ;
; Allow Any RAM Size For Recognition                                         ; Off                ; Off                ;
; Allow Any ROM Size For Recognition                                         ; Off                ; Off                ;
; Allow Any Shift Register Size For Recognition                              ; Off                ; Off                ;
; Use LogicLock Constraints during Resource Balancing                        ; On                 ; On                 ;
; Ignore translate_off and synthesis_off directives                          ; Off                ; Off                ;
; Timing-Driven Synthesis                                                    ; Off                ; Off                ;
; Report Parameter Settings                                                  ; On                 ; On                 ;
; Report Source Assignments                                                  ; On                 ; On                 ;
; Report Connectivity Checks                                                 ; On                 ; On                 ;
; Ignore Maximum Fan-Out Assignments                                         ; Off                ; Off                ;
; Synchronization Register Chain Length                                      ; 2                  ; 2                  ;
; PowerPlay Power Optimization                                               ; Normal compilation ; Normal compilation ;
; HDL message level                                                          ; Level2             ; Level2             ;
; Suppress Register Optimization Related Messages                            ; Off                ; Off                ;
; Number of Removed Registers Reported in Synthesis Report                   ; 5000               ; 5000               ;
; Number of Swept Nodes Reported in Synthesis Report                         ; 5000               ; 5000               ;
; Number of Inverted Registers Reported in Synthesis Report                  ; 100                ; 100                ;
; Clock MUX Protection                                                       ; On                 ; On                 ;
; Auto Gated Clock Conversion                                                ; Off                ; Off                ;
; Block Design Naming                                                        ; Auto               ; Auto               ;
; SDC constraint protection                                                  ; Off                ; Off                ;
; Synthesis Effort                                                           ; Auto               ; Auto               ;
; Shift Register Replacement - Allow Asynchronous Clear Signal               ; On                 ; On                 ;
; Pre-Mapping Resynthesis Optimization                                       ; Off                ; Off                ;
; Analysis & Synthesis Message Level                                         ; Medium             ; Medium             ;
; Disable Register Merging Across Hierarchies                                ; Auto               ; Auto               ;
; Resource Aware Inference For Block RAM                                     ; On                 ; On                 ;
; Synthesis Seed                                                             ; 1                  ; 1                  ;
+----------------------------------------------------------------------------+--------------------+--------------------+


+------------------------------------------+
; Parallel Compilation                     ;
+----------------------------+-------------+
; Processors                 ; Number      ;
+----------------------------+-------------+
; Number detected on machine ; 8           ;
; Maximum allowed            ; 4           ;
;                            ;             ;
; Average used               ; 1.00        ;
; Maximum used               ; 1           ;
;                            ;             ;
; Usage by Processor         ; % Time Used ;
;     1 processor            ; 100.0%      ;
;     2-8 processors         ;   0.0%      ;
+----------------------------+-------------+


+----------------------------------------------------------------------------------------------------------------------------------------------------+
; Analysis & Synthesis Source Files Read                                                                                                             ;
+----------------------------------+-----------------+-----------------+-------------------------------------------------------------------+---------+
; File Name with User-Entered Path ; Used in Netlist ; File Type       ; File Name with Absolute Path                                      ; Library ;
+----------------------------------+-----------------+-----------------+-------------------------------------------------------------------+---------+
; StateSaver.vhd                   ; yes             ; User VHDL File  ; C:/Users/Skeen/Dropbox/DSD/Exercise 5/Opgave 5.3.3/StateSaver.vhd ;         ;
; GuessGame.vhd                    ; yes             ; User VHDL File  ; C:/Users/Skeen/Dropbox/DSD/Exercise 5/Opgave 5.3.3/GuessGame.vhd  ;         ;
; Bin2Hex.vhd                      ; yes             ; User VHDL File  ; C:/Users/Skeen/Dropbox/DSD/Exercise 5/Opgave 5.3.3/Bin2Hex.vhd    ;         ;
; TwoPlayer.vhd                    ; yes             ; User VHDL File  ; C:/Users/Skeen/Dropbox/DSD/Exercise 5/Opgave 5.3.3/TwoPlayer.vhd  ;         ;
+----------------------------------+-----------------+-----------------+-------------------------------------------------------------------+---------+


+-----------------------------------------------------+
; Analysis & Synthesis Resource Usage Summary         ;
+---------------------------------------------+-------+
; Resource                                    ; Usage ;
+---------------------------------------------+-------+
; Estimated Total logic elements              ; 143   ;
;                                             ;       ;
; Total combinational functions               ; 143   ;
; Logic element usage by number of LUT inputs ;       ;
;     -- 4 input functions                    ; 52    ;
;     -- 3 input functions                    ; 83    ;
;     -- <=2 input functions                  ; 8     ;
;                                             ;       ;
; Logic elements by mode                      ;       ;
;     -- normal mode                          ; 115   ;
;     -- arithmetic mode                      ; 28    ;
;                                             ;       ;
; Total registers                             ; 0     ;
;     -- Dedicated logic registers            ; 0     ;
;     -- I/O registers                        ; 0     ;
;                                             ;       ;
; I/O pins                                    ; 33    ;
; Embedded Multiplier 9-bit elements          ; 0     ;
; Maximum fan-out                             ; 41    ;
; Total fan-out                               ; 491   ;
; Average fan-out                             ; 2.79  ;
+---------------------------------------------+-------+


+-----------------------------------------------------------------------------------------------------------------------------------------------------------------------------------------------+
; Analysis & Synthesis Resource Utilization by Entity                                                                                                                                           ;
+----------------------------+-------------------+--------------+-------------+--------------+---------+-----------+------+--------------+---------------------------------------+--------------+
; Compilation Hierarchy Node ; LC Combinationals ; LC Registers ; Memory Bits ; DSP Elements ; DSP 9x9 ; DSP 18x18 ; Pins ; Virtual Pins ; Full Hierarchy Name                   ; Library Name ;
+----------------------------+-------------------+--------------+-------------+--------------+---------+-----------+------+--------------+---------------------------------------+--------------+
; |TwoPlayer                 ; 143 (47)          ; 0 (0)        ; 0           ; 0            ; 0       ; 0         ; 33   ; 0            ; |TwoPlayer                            ;              ;
;    |GuessGame:u1|          ; 48 (26)           ; 0 (0)        ; 0           ; 0            ; 0       ; 0         ; 0    ; 0            ; |TwoPlayer|GuessGame:u1               ;              ;
;       |Bin2Hex:u2|         ; 7 (7)             ; 0 (0)        ; 0           ; 0            ; 0       ; 0         ; 0    ; 0            ; |TwoPlayer|GuessGame:u1|Bin2Hex:u2    ;              ;
;       |Bin2Hex:u3|         ; 7 (7)             ; 0 (0)        ; 0           ; 0            ; 0       ; 0         ; 0    ; 0            ; |TwoPlayer|GuessGame:u1|Bin2Hex:u3    ;              ;
;       |StateSaver:u1|      ; 8 (8)             ; 0 (0)        ; 0           ; 0            ; 0       ; 0         ; 0    ; 0            ; |TwoPlayer|GuessGame:u1|StateSaver:u1 ;              ;
;    |GuessGame:u2|          ; 48 (26)           ; 0 (0)        ; 0           ; 0            ; 0       ; 0         ; 0    ; 0            ; |TwoPlayer|GuessGame:u2               ;              ;
;       |Bin2Hex:u2|         ; 7 (7)             ; 0 (0)        ; 0           ; 0            ; 0       ; 0         ; 0    ; 0            ; |TwoPlayer|GuessGame:u2|Bin2Hex:u2    ;              ;
;       |Bin2Hex:u3|         ; 7 (7)             ; 0 (0)        ; 0           ; 0            ; 0       ; 0         ; 0    ; 0            ; |TwoPlayer|GuessGame:u2|Bin2Hex:u3    ;              ;
;       |StateSaver:u1|      ; 8 (8)             ; 0 (0)        ; 0           ; 0            ; 0       ; 0         ; 0    ; 0            ; |TwoPlayer|GuessGame:u2|StateSaver:u1 ;              ;
+----------------------------+-------------------+--------------+-------------+--------------+---------+-----------+------+--------------+---------------------------------------+--------------+
Note: For table entries with two numbers listed, the numbers in parentheses indicate the number of resources of the given type used by the specific entity alone. The numbers listed outside of parentheses indicate the total resources of the given type used by the specific entity and all of its sub-entities in the hierarchy.


+----------------------------------------------------------------------------------------------------+
; User-Specified and Inferred Latches                                                                ;
+-----------------------------------------------------+---------------------+------------------------+
; Latch Name                                          ; Latch Enable Signal ; Free of Timing Hazards ;
+-----------------------------------------------------+---------------------+------------------------+
; GuessGame:u1|StateSaver:u1|saved_state[7]           ; setP1               ; yes                    ;
; inputP1[7]                                          ; player              ; yes                    ;
; GuessGame:u1|StateSaver:u1|saved_state[6]           ; setP1               ; yes                    ;
; inputP1[6]                                          ; player              ; yes                    ;
; GuessGame:u1|StateSaver:u1|saved_state[5]           ; setP1               ; yes                    ;
; inputP1[5]                                          ; player              ; yes                    ;
; GuessGame:u1|StateSaver:u1|saved_state[4]           ; setP1               ; yes                    ;
; inputP1[4]                                          ; player              ; yes                    ;
; GuessGame:u1|StateSaver:u1|saved_state[3]           ; setP1               ; yes                    ;
; inputP1[3]                                          ; player              ; yes                    ;
; GuessGame:u1|StateSaver:u1|saved_state[2]           ; setP1               ; yes                    ;
; inputP1[2]                                          ; player              ; yes                    ;
; GuessGame:u1|StateSaver:u1|saved_state[1]           ; setP1               ; yes                    ;
; inputP1[1]                                          ; player              ; yes                    ;
; GuessGame:u1|StateSaver:u1|saved_state[0]           ; setP1               ; yes                    ;
; inputP1[0]                                          ; player              ; yes                    ;
; tryP1                                               ; player              ; yes                    ;
; tryP2                                               ; player              ; yes                    ;
; inputP2[0]                                          ; player              ; yes                    ;
; GuessGame:u2|StateSaver:u1|saved_state[0]           ; setP2               ; yes                    ;
; showP2                                              ; player              ; yes                    ;
; inputP2[1]                                          ; player              ; yes                    ;
; GuessGame:u2|StateSaver:u1|saved_state[1]           ; setP2               ; yes                    ;
; inputP2[2]                                          ; player              ; yes                    ;
; GuessGame:u2|StateSaver:u1|saved_state[2]           ; setP2               ; yes                    ;
; inputP2[3]                                          ; player              ; yes                    ;
; GuessGame:u2|StateSaver:u1|saved_state[3]           ; setP2               ; yes                    ;
; showP1                                              ; player              ; yes                    ;
; GuessGame:u2|StateSaver:u1|saved_state[7]           ; setP2               ; yes                    ;
; inputP2[7]                                          ; player              ; yes                    ;
; GuessGame:u2|StateSaver:u1|saved_state[6]           ; setP2               ; yes                    ;
; inputP2[6]                                          ; player              ; yes                    ;
; GuessGame:u2|StateSaver:u1|saved_state[5]           ; setP2               ; yes                    ;
; inputP2[5]                                          ; player              ; yes                    ;
; GuessGame:u2|StateSaver:u1|saved_state[4]           ; setP2               ; yes                    ;
; inputP2[4]                                          ; player              ; yes                    ;
; setP1                                               ; player              ; yes                    ;
; setP2                                               ; player              ; yes                    ;
; Number of user-specified and inferred latches = 38  ;                     ;                        ;
+-----------------------------------------------------+---------------------+------------------------+
Note: All latches listed above may not be present at the end of synthesis due to various synthesis optimizations.


+------------------------------------------------------+
; General Register Statistics                          ;
+----------------------------------------------+-------+
; Statistic                                    ; Value ;
+----------------------------------------------+-------+
; Total registers                              ; 0     ;
; Number of registers using Synchronous Clear  ; 0     ;
; Number of registers using Synchronous Load   ; 0     ;
; Number of registers using Asynchronous Clear ; 0     ;
; Number of registers using Asynchronous Load  ; 0     ;
; Number of registers using Clock Enable       ; 0     ;
; Number of registers using Preset             ; 0     ;
+----------------------------------------------+-------+


+------------------------------------------------------------------------------------------------------------------------------------------+
; Multiplexer Restructuring Statistics (Restructuring Performed)                                                                           ;
+--------------------+-----------+---------------+----------------------+------------------------+------------+----------------------------+
; Multiplexer Inputs ; Bus Width ; Baseline Area ; Area if Restructured ; Saving if Restructured ; Registered ; Example Multiplexer Output ;
+--------------------+-----------+---------------+----------------------+------------------------+------------+----------------------------+
; 4:1                ; 4 bits    ; 8 LEs         ; 8 LEs                ; 0 LEs                  ; No         ; |TwoPlayer|seg1            ;
; 4:1                ; 10 bits   ; 20 LEs        ; 20 LEs               ; 0 LEs                  ; No         ; |TwoPlayer|seg1            ;
+--------------------+-----------+---------------+----------------------+------------------------+------------+----------------------------+


+------------------------------------------------------+
; Port Connectivity Checks: "Bin2Hex:u3"               ;
+--------------------+-------+----------+--------------+
; Port               ; Type  ; Severity ; Details      ;
+--------------------+-------+----------+--------------+
; binary_input[3..1] ; Input ; Info     ; Stuck at GND ;
+--------------------+-------+----------+--------------+


+-------------------------------+
; Elapsed Time Per Partition    ;
+----------------+--------------+
; Partition Name ; Elapsed Time ;
+----------------+--------------+
; Top            ; 00:00:01     ;
+----------------+--------------+


+-------------------------------+
; Analysis & Synthesis Messages ;
+-------------------------------+
Info: *******************************************************************
Info: Running Quartus II 64-Bit Analysis & Synthesis
    Info: Version 12.1 Build 177 11/07/2012 SJ Full Version
    Info: Processing started: Thu Oct 24 15:49:21 2013
Info: Command: quartus_map --read_settings_files=on --write_settings_files=off GuessGame -c GuessGame
Info (11104): Parallel Compilation has detected 8 hyper-threaded processors. However, the extra hyper-threaded processors will not be used by default. Parallel Compilation will use 4 of the 4 physical processors detected instead.
Info (12021): Found 2 design units, including 1 entities, in source file statesaver.vhd
    Info (12022): Found design unit 1: StateSaver-magic
    Info (12023): Found entity 1: StateSaver
Info (12021): Found 2 design units, including 1 entities, in source file guessgame.vhd
    Info (12022): Found design unit 1: GuessGame-magic
    Info (12023): Found entity 1: GuessGame
Info (12021): Found 2 design units, including 1 entities, in source file bin2hex.vhd
    Info (12022): Found design unit 1: Bin2Hex-dataflow
    Info (12023): Found entity 1: Bin2Hex
Info (12021): Found 2 design units, including 1 entities, in source file twoplayer.vhd
    Info (12022): Found design unit 1: TwoPlayer-magic
    Info (12023): Found entity 1: TwoPlayer
Info (12127): Elaborating entity "TwoPlayer" for the top level hierarchy
Warning (10492): VHDL Process Statement warning at TwoPlayer.vhd(34): signal "input" is read inside the Process Statement but isn't in the Process Statement's sensitivity list
Warning (10492): VHDL Process Statement warning at TwoPlayer.vhd(35): signal "set" is read inside the Process Statement but isn't in the Process Statement's sensitivity list
Warning (10492): VHDL Process Statement warning at TwoPlayer.vhd(36): signal "show" is read inside the Process Statement but isn't in the Process Statement's sensitivity list
Warning (10492): VHDL Process Statement warning at TwoPlayer.vhd(37): signal "try" is read inside the Process Statement but isn't in the Process Statement's sensitivity list
Warning (10492): VHDL Process Statement warning at TwoPlayer.vhd(38): signal "seg1P1" is read inside the Process Statement but isn't in the Process Statement's sensitivity list
Warning (10492): VHDL Process Statement warning at TwoPlayer.vhd(39): signal "seg10P1" is read inside the Process Statement but isn't in the Process Statement's sensitivity list
Warning (10492): VHDL Process Statement warning at TwoPlayer.vhd(42): signal "input" is read inside the Process Statement but isn't in the Process Statement's sensitivity list
Warning (10492): VHDL Process Statement warning at TwoPlayer.vhd(43): signal "set" is read inside the Process Statement but isn't in the Process Statement's sensitivity list
Warning (10492): VHDL Process Statement warning at TwoPlayer.vhd(44): signal "show" is read inside the Process Statement but isn't in the Process Statement's sensitivity list
Warning (10492): VHDL Process Statement warning at TwoPlayer.vhd(45): signal "try" is read inside the Process Statement but isn't in the Process Statement's sensitivity list
Warning (10492): VHDL Process Statement warning at TwoPlayer.vhd(46): signal "seg1P2" is read inside the Process Statement but isn't in the Process Statement's sensitivity list
Warning (10492): VHDL Process Statement warning at TwoPlayer.vhd(47): signal "seg10P2" is read inside the Process Statement but isn't in the Process Statement's sensitivity list
Warning (10631): VHDL Process Statement warning at TwoPlayer.vhd(30): inferring latch(es) for signal or variable "inputP1", which holds its previous value in one or more paths through the process
Warning (10631): VHDL Process Statement warning at TwoPlayer.vhd(30): inferring latch(es) for signal or variable "setP1", which holds its previous value in one or more paths through the process
Warning (10631): VHDL Process Statement warning at TwoPlayer.vhd(30): inferring latch(es) for signal or variable "showP1", which holds its previous value in one or more paths through the process
Warning (10631): VHDL Process Statement warning at TwoPlayer.vhd(30): inferring latch(es) for signal or variable "tryP1", which holds its previous value in one or more paths through the process
Warning (10631): VHDL Process Statement warning at TwoPlayer.vhd(30): inferring latch(es) for signal or variable "inputP2", which holds its previous value in one or more paths through the process
Warning (10631): VHDL Process Statement warning at TwoPlayer.vhd(30): inferring latch(es) for signal or variable "setP2", which holds its previous value in one or more paths through the process
Warning (10631): VHDL Process Statement warning at TwoPlayer.vhd(30): inferring latch(es) for signal or variable "showP2", which holds its previous value in one or more paths through the process
Warning (10631): VHDL Process Statement warning at TwoPlayer.vhd(30): inferring latch(es) for signal or variable "tryP2", which holds its previous value in one or more paths through the process
Info (10041): Inferred latch for "tryP2" at TwoPlayer.vhd(30)
Info (10041): Inferred latch for "showP2" at TwoPlayer.vhd(30)
Info (10041): Inferred latch for "setP2" at TwoPlayer.vhd(30)
Info (10041): Inferred latch for "inputP2[0]" at TwoPlayer.vhd(30)
Info (10041): Inferred latch for "inputP2[1]" at TwoPlayer.vhd(30)
Info (10041): Inferred latch for "inputP2[2]" at TwoPlayer.vhd(30)
Info (10041): Inferred latch for "inputP2[3]" at TwoPlayer.vhd(30)
Info (10041): Inferred latch for "inputP2[4]" at TwoPlayer.vhd(30)
Info (10041): Inferred latch for "inputP2[5]" at TwoPlayer.vhd(30)
Info (10041): Inferred latch for "inputP2[6]" at TwoPlayer.vhd(30)
Info (10041): Inferred latch for "inputP2[7]" at TwoPlayer.vhd(30)
Info (10041): Inferred latch for "tryP1" at TwoPlayer.vhd(30)
Info (10041): Inferred latch for "showP1" at TwoPlayer.vhd(30)
Info (10041): Inferred latch for "setP1" at TwoPlayer.vhd(30)
Info (10041): Inferred latch for "inputP1[0]" at TwoPlayer.vhd(30)
Info (10041): Inferred latch for "inputP1[1]" at TwoPlayer.vhd(30)
Info (10041): Inferred latch for "inputP1[2]" at TwoPlayer.vhd(30)
Info (10041): Inferred latch for "inputP1[3]" at TwoPlayer.vhd(30)
Info (10041): Inferred latch for "inputP1[4]" at TwoPlayer.vhd(30)
Info (10041): Inferred latch for "inputP1[5]" at TwoPlayer.vhd(30)
Info (10041): Inferred latch for "inputP1[6]" at TwoPlayer.vhd(30)
Info (10041): Inferred latch for "inputP1[7]" at TwoPlayer.vhd(30)
Info (12128): Elaborating entity "GuessGame" for hierarchy "GuessGame:u1"
Info (12128): Elaborating entity "StateSaver" for hierarchy "GuessGame:u1|StateSaver:u1"
Warning (10631): VHDL Process Statement warning at StateSaver.vhd(14): inferring latch(es) for signal or variable "saved_state", which holds its previous value in one or more paths through the process
Info (10041): Inferred latch for "saved_state[0]" at StateSaver.vhd(14)
Info (10041): Inferred latch for "saved_state[1]" at StateSaver.vhd(14)
Info (10041): Inferred latch for "saved_state[2]" at StateSaver.vhd(14)
Info (10041): Inferred latch for "saved_state[3]" at StateSaver.vhd(14)
Info (10041): Inferred latch for "saved_state[4]" at StateSaver.vhd(14)
Info (10041): Inferred latch for "saved_state[5]" at StateSaver.vhd(14)
Info (10041): Inferred latch for "saved_state[6]" at StateSaver.vhd(14)
Info (10041): Inferred latch for "saved_state[7]" at StateSaver.vhd(14)
Info (12128): Elaborating entity "Bin2Hex" for hierarchy "GuessGame:u1|Bin2Hex:u2"
Warning (13024): Output pins are stuck at VCC or GND
    Warning (13410): Pin "playerNo[0]" is stuck at VCC
    Warning (13410): Pin "playerNo[4]" is stuck at GND
    Warning (13410): Pin "playerNo[5]" is stuck at GND
Info (16010): Generating hard_block partition "hard_block:auto_generated_inst"
    Info (16011): Adding 0 node(s), including 0 DDIO, 0 PLL, 0 transceiver and 0 LCELL
Info (21057): Implemented 176 device resources after synthesis - the final resource count might be different
    Info (21058): Implemented 12 input pins
    Info (21059): Implemented 21 output pins
    Info (21061): Implemented 143 logic cells
Info: Quartus II 64-Bit Analysis & Synthesis was successful. 0 errors, 25 warnings
    Info: Peak virtual memory: 493 megabytes
    Info: Processing ended: Thu Oct 24 15:49:28 2013
    Info: Elapsed time: 00:00:07
    Info: Total CPU time (on all processors): 00:00:07


