Flow report for BCD_Adder
Fri Oct 04 00:00:59 2013
Quartus II 64-Bit Version 12.1 Build 177 11/07/2012 SJ Full Version


---------------------
; Table of Contents ;
---------------------
  1. Legal Notice
  2. Flow Summary
  3. Flow Settings
  4. Flow Non-Default Global Settings
  5. Flow Elapsed Time
  6. Flow OS Summary
  7. Flow Log



----------------
; Legal Notice ;
----------------
Copyright (C) 1991-2012 Altera Corporation
Your use of Altera Corporation's design tools, logic functions 
and other software and tools, and its AMPP partner logic 
functions, and any output files from any of the foregoing 
(including device programming or simulation files), and any 
associated documentation or information are expressly subject 
to the terms and conditions of the Altera Program License 
Subscription Agreement, Altera MegaCore Function License 
Agreement, or other applicable license agreement, including, 
without limitation, that your use is for the sole purpose of 
programming logic devices manufactured by Altera and sold by 
Altera or its authorized distributors.  Please refer to the 
applicable agreement for further details.



+--------------------------------------------------------------------------------+
; Flow Summary                                                                   ;
+------------------------------------+-------------------------------------------+
; Flow Status                        ; Successful - Fri Oct 04 00:00:58 2013     ;
; Quartus II 64-Bit Version          ; 12.1 Build 177 11/07/2012 SJ Full Version ;
; Revision Name                      ; BCD_Adder                                 ;
; Top-level Entity Name              ; Ex35                                      ;
; Family                             ; Cyclone II                                ;
; Device                             ; EP2C35F672C6                              ;
; Timing Models                      ; Final                                     ;
; Total logic elements               ; 842 / 33,216 ( 3 % )                      ;
;     Total combinational functions  ; 842 / 33,216 ( 3 % )                      ;
;     Dedicated logic registers      ; 0 / 33,216 ( 0 % )                        ;
; Total registers                    ; 0                                         ;
; Total pins                         ; 63 / 475 ( 13 % )                         ;
; Total virtual pins                 ; 0                                         ;
; Total memory bits                  ; 0 / 483,840 ( 0 % )                       ;
; Embedded Multiplier 9-bit elements ; 0 / 70 ( 0 % )                            ;
; Total PLLs                         ; 0 / 4 ( 0 % )                             ;
+------------------------------------+-------------------------------------------+


+-----------------------------------------+
; Flow Settings                           ;
+-------------------+---------------------+
; Option            ; Setting             ;
+-------------------+---------------------+
; Start date & time ; 10/04/2013 00:00:07 ;
; Main task         ; Compilation         ;
; Revision Name     ; BCD_Adder           ;
+-------------------+---------------------+


+------------------------------------------------------------------------------------------------------------------+
; Flow Non-Default Global Settings                                                                                 ;
+-------------------------------------+-----------------------------+---------------+-------------+----------------+
; Assignment Name                     ; Value                       ; Default Value ; Entity Name ; Section Id     ;
+-------------------------------------+-----------------------------+---------------+-------------+----------------+
; COMPILER_SIGNATURE_ID               ; 24062491136.138083760605956 ; --            ; --          ; --             ;
; EDA_OUTPUT_DATA_FORMAT              ; Vhdl                        ; --            ; --          ; eda_simulation ;
; EDA_SIMULATION_TOOL                 ; ModelSim-Altera (VHDL)      ; <None>        ; --          ; --             ;
; MAX_CORE_JUNCTION_TEMP              ; 85                          ; --            ; --          ; --             ;
; MIN_CORE_JUNCTION_TEMP              ; 0                           ; --            ; --          ; --             ;
; PARTITION_COLOR                     ; 16764057                    ; --            ; Ex35        ; Top            ;
; PARTITION_FITTER_PRESERVATION_LEVEL ; PLACEMENT_AND_ROUTING       ; --            ; Ex35        ; Top            ;
; PARTITION_NETLIST_TYPE              ; SOURCE                      ; --            ; Ex35        ; Top            ;
; PROJECT_OUTPUT_DIRECTORY            ; output_files                ; --            ; --          ; --             ;
; TOP_LEVEL_ENTITY                    ; Ex35                        ; BCD_Adder     ; --          ; --             ;
+-------------------------------------+-----------------------------+---------------+-------------+----------------+


+-------------------------------------------------------------------------------------------------------------------------------+
; Flow Elapsed Time                                                                                                             ;
+---------------------------+--------------+-------------------------+---------------------+------------------------------------+
; Module Name               ; Elapsed Time ; Average Processors Used ; Peak Virtual Memory ; Total CPU Time (on all processors) ;
+---------------------------+--------------+-------------------------+---------------------+------------------------------------+
; Analysis & Synthesis      ; 00:00:13     ; 1.0                     ; 509 MB              ; 00:00:13                           ;
; Fitter                    ; 00:00:19     ; 2.4                     ; 696 MB              ; 00:00:24                           ;
; Assembler                 ; 00:00:07     ; 1.0                     ; 435 MB              ; 00:00:07                           ;
; TimeQuest Timing Analyzer ; 00:00:04     ; 1.0                     ; 452 MB              ; 00:00:03                           ;
; EDA Netlist Writer        ; 00:00:03     ; 1.0                     ; 390 MB              ; 00:00:03                           ;
; Total                     ; 00:00:46     ; --                      ; --                  ; 00:00:50                           ;
+---------------------------+--------------+-------------------------+---------------------+------------------------------------+


+----------------------------------------------------------------------------------------+
; Flow OS Summary                                                                        ;
+---------------------------+------------------+-----------+------------+----------------+
; Module Name               ; Machine Hostname ; OS Name   ; OS Version ; Processor type ;
+---------------------------+------------------+-----------+------------+----------------+
; Analysis & Synthesis      ; Skeen            ; Windows 7 ; 6.1        ; x86_64         ;
; Fitter                    ; Skeen            ; Windows 7 ; 6.1        ; x86_64         ;
; Assembler                 ; Skeen            ; Windows 7 ; 6.1        ; x86_64         ;
; TimeQuest Timing Analyzer ; Skeen            ; Windows 7 ; 6.1        ; x86_64         ;
; EDA Netlist Writer        ; Skeen            ; Windows 7 ; 6.1        ; x86_64         ;
+---------------------------+------------------+-----------+------------+----------------+


------------
; Flow Log ;
------------
quartus_map --read_settings_files=on --write_settings_files=off BCD_Adder -c BCD_Adder
quartus_fit --read_settings_files=off --write_settings_files=off BCD_Adder -c BCD_Adder
quartus_asm --read_settings_files=off --write_settings_files=off BCD_Adder -c BCD_Adder
quartus_sta BCD_Adder -c BCD_Adder
quartus_eda --read_settings_files=off --write_settings_files=off BCD_Adder -c BCD_Adder



