Analysis & Synthesis report for BCD_Adder
Fri Oct 04 00:00:19 2013
Quartus II 64-Bit Version 12.1 Build 177 11/07/2012 SJ Full Version


---------------------
; Table of Contents ;
---------------------
  1. Legal Notice
  2. Analysis & Synthesis Summary
  3. Analysis & Synthesis Settings
  4. Parallel Compilation
  5. Analysis & Synthesis Source Files Read
  6. Analysis & Synthesis Resource Usage Summary
  7. Analysis & Synthesis Resource Utilization by Entity
  8. General Register Statistics
  9. Multiplexer Restructuring Statistics (Restructuring Performed)
 10. Parameter Settings for Inferred Entity Instance: Bin2Dec:u2|Two_Digit_BCD_Converter:u1|lpm_divide:Div0
 11. Parameter Settings for Inferred Entity Instance: Bin2Dec:u3|Two_Digit_BCD_Converter:u1|lpm_divide:Div0
 12. Parameter Settings for Inferred Entity Instance: Bin3Dec:u4|Three_Digit_BCD_Converter:u1|lpm_divide:Div1
 13. Parameter Settings for Inferred Entity Instance: Bin3Dec:u4|Three_Digit_BCD_Converter:u1|lpm_divide:Div0
 14. Port Connectivity Checks: "Bin2Dec:u3"
 15. Port Connectivity Checks: "Bin2Dec:u2"
 16. Elapsed Time Per Partition
 17. Analysis & Synthesis Messages



----------------
; Legal Notice ;
----------------
Copyright (C) 1991-2012 Altera Corporation
Your use of Altera Corporation's design tools, logic functions 
and other software and tools, and its AMPP partner logic 
functions, and any output files from any of the foregoing 
(including device programming or simulation files), and any 
associated documentation or information are expressly subject 
to the terms and conditions of the Altera Program License 
Subscription Agreement, Altera MegaCore Function License 
Agreement, or other applicable license agreement, including, 
without limitation, that your use is for the sole purpose of 
programming logic devices manufactured by Altera and sold by 
Altera or its authorized distributors.  Please refer to the 
applicable agreement for further details.



+--------------------------------------------------------------------------------+
; Analysis & Synthesis Summary                                                   ;
+------------------------------------+-------------------------------------------+
; Analysis & Synthesis Status        ; Successful - Fri Oct 04 00:00:19 2013     ;
; Quartus II 64-Bit Version          ; 12.1 Build 177 11/07/2012 SJ Full Version ;
; Revision Name                      ; BCD_Adder                                 ;
; Top-level Entity Name              ; Ex35                                      ;
; Family                             ; Cyclone II                                ;
; Total logic elements               ; 842                                       ;
;     Total combinational functions  ; 842                                       ;
;     Dedicated logic registers      ; 0                                         ;
; Total registers                    ; 0                                         ;
; Total pins                         ; 63                                        ;
; Total virtual pins                 ; 0                                         ;
; Total memory bits                  ; 0                                         ;
; Embedded Multiplier 9-bit elements ; 0                                         ;
; Total PLLs                         ; 0                                         ;
+------------------------------------+-------------------------------------------+


+----------------------------------------------------------------------------------------------------------------------+
; Analysis & Synthesis Settings                                                                                        ;
+----------------------------------------------------------------------------+--------------------+--------------------+
; Option                                                                     ; Setting            ; Default Value      ;
+----------------------------------------------------------------------------+--------------------+--------------------+
; Device                                                                     ; EP2C35F672C6       ;                    ;
; Top-level entity name                                                      ; Ex35               ; BCD_Adder          ;
; Family name                                                                ; Cyclone II         ; Cyclone IV GX      ;
; Use smart compilation                                                      ; Off                ; Off                ;
; Enable parallel Assembler and TimeQuest Timing Analyzer during compilation ; On                 ; On                 ;
; Enable compact report table                                                ; Off                ; Off                ;
; Restructure Multiplexers                                                   ; Auto               ; Auto               ;
; Create Debugging Nodes for IP Cores                                        ; Off                ; Off                ;
; Preserve fewer node names                                                  ; On                 ; On                 ;
; Disable OpenCore Plus hardware evaluation                                  ; Off                ; Off                ;
; Verilog Version                                                            ; Verilog_2001       ; Verilog_2001       ;
; VHDL Version                                                               ; VHDL_1993          ; VHDL_1993          ;
; State Machine Processing                                                   ; Auto               ; Auto               ;
; Safe State Machine                                                         ; Off                ; Off                ;
; Extract Verilog State Machines                                             ; On                 ; On                 ;
; Extract VHDL State Machines                                                ; On                 ; On                 ;
; Ignore Verilog initial constructs                                          ; Off                ; Off                ;
; Iteration limit for constant Verilog loops                                 ; 5000               ; 5000               ;
; Iteration limit for non-constant Verilog loops                             ; 250                ; 250                ;
; Add Pass-Through Logic to Inferred RAMs                                    ; On                 ; On                 ;
; Infer RAMs from Raw Logic                                                  ; On                 ; On                 ;
; Parallel Synthesis                                                         ; On                 ; On                 ;
; DSP Block Balancing                                                        ; Auto               ; Auto               ;
; NOT Gate Push-Back                                                         ; On                 ; On                 ;
; Power-Up Don't Care                                                        ; On                 ; On                 ;
; Remove Redundant Logic Cells                                               ; Off                ; Off                ;
; Remove Duplicate Registers                                                 ; On                 ; On                 ;
; Ignore CARRY Buffers                                                       ; Off                ; Off                ;
; Ignore CASCADE Buffers                                                     ; Off                ; Off                ;
; Ignore GLOBAL Buffers                                                      ; Off                ; Off                ;
; Ignore ROW GLOBAL Buffers                                                  ; Off                ; Off                ;
; Ignore LCELL Buffers                                                       ; Off                ; Off                ;
; Ignore SOFT Buffers                                                        ; On                 ; On                 ;
; Limit AHDL Integers to 32 Bits                                             ; Off                ; Off                ;
; Optimization Technique                                                     ; Balanced           ; Balanced           ;
; Carry Chain Length                                                         ; 70                 ; 70                 ;
; Auto Carry Chains                                                          ; On                 ; On                 ;
; Auto Open-Drain Pins                                                       ; On                 ; On                 ;
; Perform WYSIWYG Primitive Resynthesis                                      ; Off                ; Off                ;
; Auto ROM Replacement                                                       ; On                 ; On                 ;
; Auto RAM Replacement                                                       ; On                 ; On                 ;
; Auto Shift Register Replacement                                            ; Auto               ; Auto               ;
; Allow Shift Register Merging across Hierarchies                            ; Auto               ; Auto               ;
; Auto Clock Enable Replacement                                              ; On                 ; On                 ;
; Strict RAM Replacement                                                     ; Off                ; Off                ;
; Allow Synchronous Control Signals                                          ; On                 ; On                 ;
; Force Use of Synchronous Clear Signals                                     ; Off                ; Off                ;
; Auto RAM to Logic Cell Conversion                                          ; Off                ; Off                ;
; Auto Resource Sharing                                                      ; Off                ; Off                ;
; Allow Any RAM Size For Recognition                                         ; Off                ; Off                ;
; Allow Any ROM Size For Recognition                                         ; Off                ; Off                ;
; Allow Any Shift Register Size For Recognition                              ; Off                ; Off                ;
; Use LogicLock Constraints during Resource Balancing                        ; On                 ; On                 ;
; Ignore translate_off and synthesis_off directives                          ; Off                ; Off                ;
; Timing-Driven Synthesis                                                    ; Off                ; Off                ;
; Report Parameter Settings                                                  ; On                 ; On                 ;
; Report Source Assignments                                                  ; On                 ; On                 ;
; Report Connectivity Checks                                                 ; On                 ; On                 ;
; Ignore Maximum Fan-Out Assignments                                         ; Off                ; Off                ;
; Synchronization Register Chain Length                                      ; 2                  ; 2                  ;
; PowerPlay Power Optimization                                               ; Normal compilation ; Normal compilation ;
; HDL message level                                                          ; Level2             ; Level2             ;
; Suppress Register Optimization Related Messages                            ; Off                ; Off                ;
; Number of Removed Registers Reported in Synthesis Report                   ; 5000               ; 5000               ;
; Number of Swept Nodes Reported in Synthesis Report                         ; 5000               ; 5000               ;
; Number of Inverted Registers Reported in Synthesis Report                  ; 100                ; 100                ;
; Clock MUX Protection                                                       ; On                 ; On                 ;
; Auto Gated Clock Conversion                                                ; Off                ; Off                ;
; Block Design Naming                                                        ; Auto               ; Auto               ;
; SDC constraint protection                                                  ; Off                ; Off                ;
; Synthesis Effort                                                           ; Auto               ; Auto               ;
; Shift Register Replacement - Allow Asynchronous Clear Signal               ; On                 ; On                 ;
; Pre-Mapping Resynthesis Optimization                                       ; Off                ; Off                ;
; Analysis & Synthesis Message Level                                         ; Medium             ; Medium             ;
; Disable Register Merging Across Hierarchies                                ; Auto               ; Auto               ;
; Resource Aware Inference For Block RAM                                     ; On                 ; On                 ;
; Synthesis Seed                                                             ; 1                  ; 1                  ;
+----------------------------------------------------------------------------+--------------------+--------------------+


+------------------------------------------+
; Parallel Compilation                     ;
+----------------------------+-------------+
; Processors                 ; Number      ;
+----------------------------+-------------+
; Number detected on machine ; 8           ;
; Maximum allowed            ; 4           ;
;                            ;             ;
; Average used               ; 1.00        ;
; Maximum used               ; 1           ;
;                            ;             ;
; Usage by Processor         ; % Time Used ;
;     1 processor            ; 100.0%      ;
;     2-8 processors         ;   0.0%      ;
+----------------------------+-------------+


+-----------------------------------------------------------------------------------------------------------------------------------------------------------------------------+
; Analysis & Synthesis Source Files Read                                                                                                                                      ;
+----------------------------------+-----------------+------------------------------+-------------------------------------------------------------------------------+---------+
; File Name with User-Entered Path ; Used in Netlist ; File Type                    ; File Name with Absolute Path                                                  ; Library ;
+----------------------------------+-----------------+------------------------------+-------------------------------------------------------------------------------+---------+
; 2Digit_BCD_Converter.vhd         ; yes             ; User VHDL File               ; C:/Users/Skeen/Dropbox/DSD/Exercise 4/BCD_Adder_35/2Digit_BCD_Converter.vhd   ;         ;
; BCD.vhd                          ; yes             ; User VHDL File               ; C:/Users/Skeen/Dropbox/DSD/Exercise 4/BCD_Adder_35/BCD.vhd                    ;         ;
; Bin2Dec.vhd                      ; yes             ; User VHDL File               ; C:/Users/Skeen/Dropbox/DSD/Exercise 4/BCD_Adder_35/Bin2Dec.vhd                ;         ;
; 3Digit_BCD_Converter.vhd         ; yes             ; User VHDL File               ; C:/Users/Skeen/Dropbox/DSD/Exercise 4/BCD_Adder_35/3Digit_BCD_Converter.vhd   ;         ;
; Bin3Dec.vhd                      ; yes             ; User VHDL File               ; C:/Users/Skeen/Dropbox/DSD/Exercise 4/BCD_Adder_35/Bin3Dec.vhd                ;         ;
; Ex35.vhd                         ; yes             ; User VHDL File               ; C:/Users/Skeen/Dropbox/DSD/Exercise 4/BCD_Adder_35/Ex35.vhd                   ;         ;
; Max99.vhd                        ; yes             ; User VHDL File               ; C:/Users/Skeen/Dropbox/DSD/Exercise 4/BCD_Adder_35/Max99.vhd                  ;         ;
; lpm_divide.tdf                   ; yes             ; Megafunction                 ; c:/altera/12.1/quartus/libraries/megafunctions/lpm_divide.tdf                 ;         ;
; abs_divider.inc                  ; yes             ; Megafunction                 ; c:/altera/12.1/quartus/libraries/megafunctions/abs_divider.inc                ;         ;
; sign_div_unsign.inc              ; yes             ; Megafunction                 ; c:/altera/12.1/quartus/libraries/megafunctions/sign_div_unsign.inc            ;         ;
; aglobal121.inc                   ; yes             ; Megafunction                 ; c:/altera/12.1/quartus/libraries/megafunctions/aglobal121.inc                 ;         ;
; db/lpm_divide_1dm.tdf            ; yes             ; Auto-Generated Megafunction  ; C:/Users/Skeen/Dropbox/DSD/Exercise 4/BCD_Adder_35/db/lpm_divide_1dm.tdf      ;         ;
; db/sign_div_unsign_bkh.tdf       ; yes             ; Auto-Generated Megafunction  ; C:/Users/Skeen/Dropbox/DSD/Exercise 4/BCD_Adder_35/db/sign_div_unsign_bkh.tdf ;         ;
; db/alt_u_div_ove.tdf             ; yes             ; Auto-Generated Megafunction  ; C:/Users/Skeen/Dropbox/DSD/Exercise 4/BCD_Adder_35/db/alt_u_div_ove.tdf       ;         ;
; db/add_sub_lkc.tdf               ; yes             ; Auto-Generated Megafunction  ; C:/Users/Skeen/Dropbox/DSD/Exercise 4/BCD_Adder_35/db/add_sub_lkc.tdf         ;         ;
; db/add_sub_mkc.tdf               ; yes             ; Auto-Generated Megafunction  ; C:/Users/Skeen/Dropbox/DSD/Exercise 4/BCD_Adder_35/db/add_sub_mkc.tdf         ;         ;
; db/lpm_divide_4dm.tdf            ; yes             ; Auto-Generated Megafunction  ; C:/Users/Skeen/Dropbox/DSD/Exercise 4/BCD_Adder_35/db/lpm_divide_4dm.tdf      ;         ;
; db/sign_div_unsign_ekh.tdf       ; yes             ; Auto-Generated Megafunction  ; C:/Users/Skeen/Dropbox/DSD/Exercise 4/BCD_Adder_35/db/sign_div_unsign_ekh.tdf ;         ;
; db/alt_u_div_uve.tdf             ; yes             ; Auto-Generated Megafunction  ; C:/Users/Skeen/Dropbox/DSD/Exercise 4/BCD_Adder_35/db/alt_u_div_uve.tdf       ;         ;
+----------------------------------+-----------------+------------------------------+-------------------------------------------------------------------------------+---------+


+-----------------------------------------------------+
; Analysis & Synthesis Resource Usage Summary         ;
+---------------------------------------------+-------+
; Resource                                    ; Usage ;
+---------------------------------------------+-------+
; Estimated Total logic elements              ; 842   ;
;                                             ;       ;
; Total combinational functions               ; 842   ;
; Logic element usage by number of LUT inputs ;       ;
;     -- 4 input functions                    ; 284   ;
;     -- 3 input functions                    ; 227   ;
;     -- <=2 input functions                  ; 331   ;
;                                             ;       ;
; Logic elements by mode                      ;       ;
;     -- normal mode                          ; 553   ;
;     -- arithmetic mode                      ; 289   ;
;                                             ;       ;
; Total registers                             ; 0     ;
;     -- Dedicated logic registers            ; 0     ;
;     -- I/O registers                        ; 0     ;
;                                             ;       ;
; I/O pins                                    ; 63    ;
; Embedded Multiplier 9-bit elements          ; 0     ;
; Maximum fan-out                             ; 21    ;
; Total fan-out                               ; 2459  ;
; Average fan-out                             ; 2.72  ;
+---------------------------------------------+-------+


+-------------------------------------------------------------------------------------------------------------------------------------------------------------------------------------------------------------------------------------------------------------------------------------------------------------------------+
; Analysis & Synthesis Resource Utilization by Entity                                                                                                                                                                                                                                                                     ;
+----------------------------------------------+-------------------+--------------+-------------+--------------+---------+-----------+------+--------------+-----------------------------------------------------------------------------------------------------------------------------------------------+--------------+
; Compilation Hierarchy Node                   ; LC Combinationals ; LC Registers ; Memory Bits ; DSP Elements ; DSP 9x9 ; DSP 18x18 ; Pins ; Virtual Pins ; Full Hierarchy Name                                                                                                                           ; Library Name ;
+----------------------------------------------+-------------------+--------------+-------------+--------------+---------+-----------+------+--------------+-----------------------------------------------------------------------------------------------------------------------------------------------+--------------+
; |Ex35                                        ; 842 (8)           ; 0 (0)        ; 0           ; 0            ; 0       ; 0         ; 63   ; 0            ; |Ex35                                                                                                                                         ;              ;
;    |Bin2Dec:u2|                              ; 245 (0)           ; 0 (0)        ; 0           ; 0            ; 0       ; 0         ; 0    ; 0            ; |Ex35|Bin2Dec:u2                                                                                                                              ;              ;
;       |BCD:u2|                               ; 7 (7)             ; 0 (0)        ; 0           ; 0            ; 0       ; 0         ; 0    ; 0            ; |Ex35|Bin2Dec:u2|BCD:u2                                                                                                                       ;              ;
;       |BCD:u3|                               ; 7 (7)             ; 0 (0)        ; 0           ; 0            ; 0       ; 0         ; 0    ; 0            ; |Ex35|Bin2Dec:u2|BCD:u3                                                                                                                       ;              ;
;       |Two_Digit_BCD_Converter:u1|           ; 231 (175)         ; 0 (0)        ; 0           ; 0            ; 0       ; 0         ; 0    ; 0            ; |Ex35|Bin2Dec:u2|Two_Digit_BCD_Converter:u1                                                                                                   ;              ;
;          |lpm_divide:Div0|                   ; 56 (0)            ; 0 (0)        ; 0           ; 0            ; 0       ; 0         ; 0    ; 0            ; |Ex35|Bin2Dec:u2|Two_Digit_BCD_Converter:u1|lpm_divide:Div0                                                                                   ;              ;
;             |lpm_divide_1dm:auto_generated|  ; 56 (0)            ; 0 (0)        ; 0           ; 0            ; 0       ; 0         ; 0    ; 0            ; |Ex35|Bin2Dec:u2|Two_Digit_BCD_Converter:u1|lpm_divide:Div0|lpm_divide_1dm:auto_generated                                                     ;              ;
;                |sign_div_unsign_bkh:divider| ; 56 (0)            ; 0 (0)        ; 0           ; 0            ; 0       ; 0         ; 0    ; 0            ; |Ex35|Bin2Dec:u2|Two_Digit_BCD_Converter:u1|lpm_divide:Div0|lpm_divide_1dm:auto_generated|sign_div_unsign_bkh:divider                         ;              ;
;                   |alt_u_div_ove:divider|    ; 56 (56)           ; 0 (0)        ; 0           ; 0            ; 0       ; 0         ; 0    ; 0            ; |Ex35|Bin2Dec:u2|Two_Digit_BCD_Converter:u1|lpm_divide:Div0|lpm_divide_1dm:auto_generated|sign_div_unsign_bkh:divider|alt_u_div_ove:divider   ;              ;
;    |Bin2Dec:u3|                              ; 243 (0)           ; 0 (0)        ; 0           ; 0            ; 0       ; 0         ; 0    ; 0            ; |Ex35|Bin2Dec:u3                                                                                                                              ;              ;
;       |BCD:u2|                               ; 7 (7)             ; 0 (0)        ; 0           ; 0            ; 0       ; 0         ; 0    ; 0            ; |Ex35|Bin2Dec:u3|BCD:u2                                                                                                                       ;              ;
;       |BCD:u3|                               ; 7 (7)             ; 0 (0)        ; 0           ; 0            ; 0       ; 0         ; 0    ; 0            ; |Ex35|Bin2Dec:u3|BCD:u3                                                                                                                       ;              ;
;       |Two_Digit_BCD_Converter:u1|           ; 229 (173)         ; 0 (0)        ; 0           ; 0            ; 0       ; 0         ; 0    ; 0            ; |Ex35|Bin2Dec:u3|Two_Digit_BCD_Converter:u1                                                                                                   ;              ;
;          |lpm_divide:Div0|                   ; 56 (0)            ; 0 (0)        ; 0           ; 0            ; 0       ; 0         ; 0    ; 0            ; |Ex35|Bin2Dec:u3|Two_Digit_BCD_Converter:u1|lpm_divide:Div0                                                                                   ;              ;
;             |lpm_divide_1dm:auto_generated|  ; 56 (0)            ; 0 (0)        ; 0           ; 0            ; 0       ; 0         ; 0    ; 0            ; |Ex35|Bin2Dec:u3|Two_Digit_BCD_Converter:u1|lpm_divide:Div0|lpm_divide_1dm:auto_generated                                                     ;              ;
;                |sign_div_unsign_bkh:divider| ; 56 (0)            ; 0 (0)        ; 0           ; 0            ; 0       ; 0         ; 0    ; 0            ; |Ex35|Bin2Dec:u3|Two_Digit_BCD_Converter:u1|lpm_divide:Div0|lpm_divide_1dm:auto_generated|sign_div_unsign_bkh:divider                         ;              ;
;                   |alt_u_div_ove:divider|    ; 56 (56)           ; 0 (0)        ; 0           ; 0            ; 0       ; 0         ; 0    ; 0            ; |Ex35|Bin2Dec:u3|Two_Digit_BCD_Converter:u1|lpm_divide:Div0|lpm_divide_1dm:auto_generated|sign_div_unsign_bkh:divider|alt_u_div_ove:divider   ;              ;
;    |Bin3Dec:u4|                              ; 332 (0)           ; 0 (0)        ; 0           ; 0            ; 0       ; 0         ; 0    ; 0            ; |Ex35|Bin3Dec:u4                                                                                                                              ;              ;
;       |BCD:u2|                               ; 7 (7)             ; 0 (0)        ; 0           ; 0            ; 0       ; 0         ; 0    ; 0            ; |Ex35|Bin3Dec:u4|BCD:u2                                                                                                                       ;              ;
;       |BCD:u3|                               ; 10 (10)           ; 0 (0)        ; 0           ; 0            ; 0       ; 0         ; 0    ; 0            ; |Ex35|Bin3Dec:u4|BCD:u3                                                                                                                       ;              ;
;       |BCD:u4|                               ; 3 (3)             ; 0 (0)        ; 0           ; 0            ; 0       ; 0         ; 0    ; 0            ; |Ex35|Bin3Dec:u4|BCD:u4                                                                                                                       ;              ;
;       |Three_Digit_BCD_Converter:u1|         ; 312 (231)         ; 0 (0)        ; 0           ; 0            ; 0       ; 0         ; 0    ; 0            ; |Ex35|Bin3Dec:u4|Three_Digit_BCD_Converter:u1                                                                                                 ;              ;
;          |lpm_divide:Div0|                   ; 25 (0)            ; 0 (0)        ; 0           ; 0            ; 0       ; 0         ; 0    ; 0            ; |Ex35|Bin3Dec:u4|Three_Digit_BCD_Converter:u1|lpm_divide:Div0                                                                                 ;              ;
;             |lpm_divide_4dm:auto_generated|  ; 25 (0)            ; 0 (0)        ; 0           ; 0            ; 0       ; 0         ; 0    ; 0            ; |Ex35|Bin3Dec:u4|Three_Digit_BCD_Converter:u1|lpm_divide:Div0|lpm_divide_4dm:auto_generated                                                   ;              ;
;                |sign_div_unsign_ekh:divider| ; 25 (0)            ; 0 (0)        ; 0           ; 0            ; 0       ; 0         ; 0    ; 0            ; |Ex35|Bin3Dec:u4|Three_Digit_BCD_Converter:u1|lpm_divide:Div0|lpm_divide_4dm:auto_generated|sign_div_unsign_ekh:divider                       ;              ;
;                   |alt_u_div_uve:divider|    ; 25 (25)           ; 0 (0)        ; 0           ; 0            ; 0       ; 0         ; 0    ; 0            ; |Ex35|Bin3Dec:u4|Three_Digit_BCD_Converter:u1|lpm_divide:Div0|lpm_divide_4dm:auto_generated|sign_div_unsign_ekh:divider|alt_u_div_uve:divider ;              ;
;          |lpm_divide:Div1|                   ; 56 (0)            ; 0 (0)        ; 0           ; 0            ; 0       ; 0         ; 0    ; 0            ; |Ex35|Bin3Dec:u4|Three_Digit_BCD_Converter:u1|lpm_divide:Div1                                                                                 ;              ;
;             |lpm_divide_1dm:auto_generated|  ; 56 (0)            ; 0 (0)        ; 0           ; 0            ; 0       ; 0         ; 0    ; 0            ; |Ex35|Bin3Dec:u4|Three_Digit_BCD_Converter:u1|lpm_divide:Div1|lpm_divide_1dm:auto_generated                                                   ;              ;
;                |sign_div_unsign_bkh:divider| ; 56 (0)            ; 0 (0)        ; 0           ; 0            ; 0       ; 0         ; 0    ; 0            ; |Ex35|Bin3Dec:u4|Three_Digit_BCD_Converter:u1|lpm_divide:Div1|lpm_divide_1dm:auto_generated|sign_div_unsign_bkh:divider                       ;              ;
;                   |alt_u_div_ove:divider|    ; 56 (56)           ; 0 (0)        ; 0           ; 0            ; 0       ; 0         ; 0    ; 0            ; |Ex35|Bin3Dec:u4|Three_Digit_BCD_Converter:u1|lpm_divide:Div1|lpm_divide_1dm:auto_generated|sign_div_unsign_bkh:divider|alt_u_div_ove:divider ;              ;
;    |max99:u0|                                ; 7 (7)             ; 0 (0)        ; 0           ; 0            ; 0       ; 0         ; 0    ; 0            ; |Ex35|max99:u0                                                                                                                                ;              ;
;    |max99:u1|                                ; 7 (7)             ; 0 (0)        ; 0           ; 0            ; 0       ; 0         ; 0    ; 0            ; |Ex35|max99:u1                                                                                                                                ;              ;
+----------------------------------------------+-------------------+--------------+-------------+--------------+---------+-----------+------+--------------+-----------------------------------------------------------------------------------------------------------------------------------------------+--------------+
Note: For table entries with two numbers listed, the numbers in parentheses indicate the number of resources of the given type used by the specific entity alone. The numbers listed outside of parentheses indicate the total resources of the given type used by the specific entity and all of its sub-entities in the hierarchy.


+------------------------------------------------------+
; General Register Statistics                          ;
+----------------------------------------------+-------+
; Statistic                                    ; Value ;
+----------------------------------------------+-------+
; Total registers                              ; 0     ;
; Number of registers using Synchronous Clear  ; 0     ;
; Number of registers using Synchronous Load   ; 0     ;
; Number of registers using Asynchronous Clear ; 0     ;
; Number of registers using Asynchronous Load  ; 0     ;
; Number of registers using Clock Enable       ; 0     ;
; Number of registers using Preset             ; 0     ;
+----------------------------------------------+-------+


+-----------------------------------------------------------------------------------------------------------------------------------------------------------------------+
; Multiplexer Restructuring Statistics (Restructuring Performed)                                                                                                        ;
+--------------------+-----------+---------------+----------------------+------------------------+------------+---------------------------------------------------------+
; Multiplexer Inputs ; Bus Width ; Baseline Area ; Area if Restructured ; Saving if Restructured ; Registered ; Example Multiplexer Output                              ;
+--------------------+-----------+---------------+----------------------+------------------------+------------+---------------------------------------------------------+
; 64:1               ; 6 bits    ; 252 LEs       ; 108 LEs              ; 144 LEs                ; No         ; |Ex35|Bin3Dec:u4|Three_Digit_BCD_Converter:u1|process_0 ;
; 12:1               ; 3 bits    ; 24 LEs        ; 24 LEs               ; 0 LEs                  ; No         ; |Ex35|Bin2Dec:u2|Two_Digit_BCD_Converter:u1|process_0   ;
; 12:1               ; 3 bits    ; 24 LEs        ; 24 LEs               ; 0 LEs                  ; No         ; |Ex35|Bin2Dec:u3|Two_Digit_BCD_Converter:u1|process_0   ;
; 12:1               ; 2 bits    ; 16 LEs        ; 12 LEs               ; 4 LEs                  ; No         ; |Ex35|Bin3Dec:u4|Three_Digit_BCD_Converter:u1|process_0 ;
; 12:1               ; 4 bits    ; 32 LEs        ; 32 LEs               ; 0 LEs                  ; No         ; |Ex35|Bin3Dec:u4|Three_Digit_BCD_Converter:u1|process_0 ;
+--------------------+-----------+---------------+----------------------+------------------------+------------+---------------------------------------------------------+


+--------------------------------------------------------------------------------------------------------+
; Parameter Settings for Inferred Entity Instance: Bin2Dec:u2|Two_Digit_BCD_Converter:u1|lpm_divide:Div0 ;
+------------------------+----------------+--------------------------------------------------------------+
; Parameter Name         ; Value          ; Type                                                         ;
+------------------------+----------------+--------------------------------------------------------------+
; LPM_WIDTHN             ; 8              ; Untyped                                                      ;
; LPM_WIDTHD             ; 4              ; Untyped                                                      ;
; LPM_NREPRESENTATION    ; UNSIGNED       ; Untyped                                                      ;
; LPM_DREPRESENTATION    ; UNSIGNED       ; Untyped                                                      ;
; LPM_PIPELINE           ; 0              ; Untyped                                                      ;
; LPM_REMAINDERPOSITIVE  ; TRUE           ; Untyped                                                      ;
; MAXIMIZE_SPEED         ; 5              ; Untyped                                                      ;
; CBXI_PARAMETER         ; lpm_divide_1dm ; Untyped                                                      ;
; CARRY_CHAIN            ; MANUAL         ; Untyped                                                      ;
; OPTIMIZE_FOR_SPEED     ; 5              ; Untyped                                                      ;
; AUTO_CARRY_CHAINS      ; ON             ; AUTO_CARRY                                                   ;
; IGNORE_CARRY_BUFFERS   ; OFF            ; IGNORE_CARRY                                                 ;
; AUTO_CASCADE_CHAINS    ; ON             ; AUTO_CASCADE                                                 ;
; IGNORE_CASCADE_BUFFERS ; OFF            ; IGNORE_CASCADE                                               ;
+------------------------+----------------+--------------------------------------------------------------+
Note: In order to hide this table in the UI and the text report file, please set the "Show Parameter Settings in Synthesis Report" option in "Analysis and Synthesis Settings -> More Settings" to "Off".


+--------------------------------------------------------------------------------------------------------+
; Parameter Settings for Inferred Entity Instance: Bin2Dec:u3|Two_Digit_BCD_Converter:u1|lpm_divide:Div0 ;
+------------------------+----------------+--------------------------------------------------------------+
; Parameter Name         ; Value          ; Type                                                         ;
+------------------------+----------------+--------------------------------------------------------------+
; LPM_WIDTHN             ; 8              ; Untyped                                                      ;
; LPM_WIDTHD             ; 4              ; Untyped                                                      ;
; LPM_NREPRESENTATION    ; UNSIGNED       ; Untyped                                                      ;
; LPM_DREPRESENTATION    ; UNSIGNED       ; Untyped                                                      ;
; LPM_PIPELINE           ; 0              ; Untyped                                                      ;
; LPM_REMAINDERPOSITIVE  ; TRUE           ; Untyped                                                      ;
; MAXIMIZE_SPEED         ; 5              ; Untyped                                                      ;
; CBXI_PARAMETER         ; lpm_divide_1dm ; Untyped                                                      ;
; CARRY_CHAIN            ; MANUAL         ; Untyped                                                      ;
; OPTIMIZE_FOR_SPEED     ; 5              ; Untyped                                                      ;
; AUTO_CARRY_CHAINS      ; ON             ; AUTO_CARRY                                                   ;
; IGNORE_CARRY_BUFFERS   ; OFF            ; IGNORE_CARRY                                                 ;
; AUTO_CASCADE_CHAINS    ; ON             ; AUTO_CASCADE                                                 ;
; IGNORE_CASCADE_BUFFERS ; OFF            ; IGNORE_CASCADE                                               ;
+------------------------+----------------+--------------------------------------------------------------+
Note: In order to hide this table in the UI and the text report file, please set the "Show Parameter Settings in Synthesis Report" option in "Analysis and Synthesis Settings -> More Settings" to "Off".


+----------------------------------------------------------------------------------------------------------+
; Parameter Settings for Inferred Entity Instance: Bin3Dec:u4|Three_Digit_BCD_Converter:u1|lpm_divide:Div1 ;
+------------------------+----------------+----------------------------------------------------------------+
; Parameter Name         ; Value          ; Type                                                           ;
+------------------------+----------------+----------------------------------------------------------------+
; LPM_WIDTHN             ; 8              ; Untyped                                                        ;
; LPM_WIDTHD             ; 4              ; Untyped                                                        ;
; LPM_NREPRESENTATION    ; UNSIGNED       ; Untyped                                                        ;
; LPM_DREPRESENTATION    ; UNSIGNED       ; Untyped                                                        ;
; LPM_PIPELINE           ; 0              ; Untyped                                                        ;
; LPM_REMAINDERPOSITIVE  ; TRUE           ; Untyped                                                        ;
; MAXIMIZE_SPEED         ; 5              ; Untyped                                                        ;
; CBXI_PARAMETER         ; lpm_divide_1dm ; Untyped                                                        ;
; CARRY_CHAIN            ; MANUAL         ; Untyped                                                        ;
; OPTIMIZE_FOR_SPEED     ; 5              ; Untyped                                                        ;
; AUTO_CARRY_CHAINS      ; ON             ; AUTO_CARRY                                                     ;
; IGNORE_CARRY_BUFFERS   ; OFF            ; IGNORE_CARRY                                                   ;
; AUTO_CASCADE_CHAINS    ; ON             ; AUTO_CASCADE                                                   ;
; IGNORE_CASCADE_BUFFERS ; OFF            ; IGNORE_CASCADE                                                 ;
+------------------------+----------------+----------------------------------------------------------------+
Note: In order to hide this table in the UI and the text report file, please set the "Show Parameter Settings in Synthesis Report" option in "Analysis and Synthesis Settings -> More Settings" to "Off".


+----------------------------------------------------------------------------------------------------------+
; Parameter Settings for Inferred Entity Instance: Bin3Dec:u4|Three_Digit_BCD_Converter:u1|lpm_divide:Div0 ;
+------------------------+----------------+----------------------------------------------------------------+
; Parameter Name         ; Value          ; Type                                                           ;
+------------------------+----------------+----------------------------------------------------------------+
; LPM_WIDTHN             ; 8              ; Untyped                                                        ;
; LPM_WIDTHD             ; 7              ; Untyped                                                        ;
; LPM_NREPRESENTATION    ; UNSIGNED       ; Untyped                                                        ;
; LPM_DREPRESENTATION    ; UNSIGNED       ; Untyped                                                        ;
; LPM_PIPELINE           ; 0              ; Untyped                                                        ;
; LPM_REMAINDERPOSITIVE  ; TRUE           ; Untyped                                                        ;
; MAXIMIZE_SPEED         ; 5              ; Untyped                                                        ;
; CBXI_PARAMETER         ; lpm_divide_4dm ; Untyped                                                        ;
; CARRY_CHAIN            ; MANUAL         ; Untyped                                                        ;
; OPTIMIZE_FOR_SPEED     ; 5              ; Untyped                                                        ;
; AUTO_CARRY_CHAINS      ; ON             ; AUTO_CARRY                                                     ;
; IGNORE_CARRY_BUFFERS   ; OFF            ; IGNORE_CARRY                                                   ;
; AUTO_CASCADE_CHAINS    ; ON             ; AUTO_CASCADE                                                   ;
; IGNORE_CASCADE_BUFFERS ; OFF            ; IGNORE_CASCADE                                                 ;
+------------------------+----------------+----------------------------------------------------------------+
Note: In order to hide this table in the UI and the text report file, please set the "Show Parameter Settings in Synthesis Report" option in "Analysis and Synthesis Settings -> More Settings" to "Off".


+---------------------------------------------------+
; Port Connectivity Checks: "Bin2Dec:u3"            ;
+-----------------+-------+----------+--------------+
; Port            ; Type  ; Severity ; Details      ;
+-----------------+-------+----------+--------------+
; binary_input[7] ; Input ; Info     ; Stuck at GND ;
+-----------------+-------+----------+--------------+


+---------------------------------------------------+
; Port Connectivity Checks: "Bin2Dec:u2"            ;
+-----------------+-------+----------+--------------+
; Port            ; Type  ; Severity ; Details      ;
+-----------------+-------+----------+--------------+
; binary_input[7] ; Input ; Info     ; Stuck at GND ;
+-----------------+-------+----------+--------------+


+-------------------------------+
; Elapsed Time Per Partition    ;
+----------------+--------------+
; Partition Name ; Elapsed Time ;
+----------------+--------------+
; Top            ; 00:00:08     ;
+----------------+--------------+


+-------------------------------+
; Analysis & Synthesis Messages ;
+-------------------------------+
Info: *******************************************************************
Info: Running Quartus II 64-Bit Analysis & Synthesis
    Info: Version 12.1 Build 177 11/07/2012 SJ Full Version
    Info: Processing started: Fri Oct 04 00:00:05 2013
Info: Command: quartus_map --read_settings_files=on --write_settings_files=off BCD_Adder -c BCD_Adder
Info (11104): Parallel Compilation has detected 8 hyper-threaded processors. However, the extra hyper-threaded processors will not be used by default. Parallel Compilation will use 4 of the 4 physical processors detected instead.
Info (12021): Found 2 design units, including 1 entities, in source file 2digit_bcd_converter.vhd
    Info (12022): Found design unit 1: Two_Digit_BCD_Converter-dataflow
    Info (12023): Found entity 1: Two_Digit_BCD_Converter
Info (12021): Found 2 design units, including 1 entities, in source file bcd.vhd
    Info (12022): Found design unit 1: BCD-dataflow
    Info (12023): Found entity 1: BCD
Info (12021): Found 2 design units, including 1 entities, in source file bin2dec.vhd
    Info (12022): Found design unit 1: Bin2Dec-structural
    Info (12023): Found entity 1: Bin2Dec
Info (12021): Found 2 design units, including 1 entities, in source file bcd9.vhd
    Info (12022): Found design unit 1: BCD9-dataflow
    Info (12023): Found entity 1: BCD9
Info (12021): Found 2 design units, including 1 entities, in source file 3digit_bcd_converter.vhd
    Info (12022): Found design unit 1: Three_Digit_BCD_Converter-dataflow
    Info (12023): Found entity 1: Three_Digit_BCD_Converter
Info (12021): Found 2 design units, including 1 entities, in source file bin3dec.vhd
    Info (12022): Found design unit 1: Bin3Dec-structural
    Info (12023): Found entity 1: Bin3Dec
Info (12021): Found 2 design units, including 1 entities, in source file ex35.vhd
    Info (12022): Found design unit 1: Ex35-structural
    Info (12023): Found entity 1: Ex35
Info (12021): Found 2 design units, including 1 entities, in source file max99.vhd
    Info (12022): Found design unit 1: max99-dataflow
    Info (12023): Found entity 1: max99
Info (12127): Elaborating entity "Ex35" for the top level hierarchy
Info (12128): Elaborating entity "max99" for hierarchy "max99:u0"
Info (12128): Elaborating entity "Bin2Dec" for hierarchy "Bin2Dec:u2"
Info (12128): Elaborating entity "Two_Digit_BCD_Converter" for hierarchy "Bin2Dec:u2|Two_Digit_BCD_Converter:u1"
Info (12128): Elaborating entity "BCD" for hierarchy "Bin2Dec:u2|BCD:u2"
Info (12128): Elaborating entity "Bin3Dec" for hierarchy "Bin3Dec:u4"
Info (12128): Elaborating entity "Three_Digit_BCD_Converter" for hierarchy "Bin3Dec:u4|Three_Digit_BCD_Converter:u1"
Info (278001): Inferred 4 megafunctions from design logic
    Info (278004): Inferred divider/modulo megafunction ("lpm_divide") from the following logic: "Bin2Dec:u2|Two_Digit_BCD_Converter:u1|Div0"
    Info (278004): Inferred divider/modulo megafunction ("lpm_divide") from the following logic: "Bin2Dec:u3|Two_Digit_BCD_Converter:u1|Div0"
    Info (278004): Inferred divider/modulo megafunction ("lpm_divide") from the following logic: "Bin3Dec:u4|Three_Digit_BCD_Converter:u1|Div1"
    Info (278004): Inferred divider/modulo megafunction ("lpm_divide") from the following logic: "Bin3Dec:u4|Three_Digit_BCD_Converter:u1|Div0"
Info (12130): Elaborated megafunction instantiation "Bin2Dec:u2|Two_Digit_BCD_Converter:u1|lpm_divide:Div0"
Info (12133): Instantiated megafunction "Bin2Dec:u2|Two_Digit_BCD_Converter:u1|lpm_divide:Div0" with the following parameter:
    Info (12134): Parameter "LPM_WIDTHN" = "8"
    Info (12134): Parameter "LPM_WIDTHD" = "4"
    Info (12134): Parameter "LPM_NREPRESENTATION" = "UNSIGNED"
    Info (12134): Parameter "LPM_DREPRESENTATION" = "UNSIGNED"
Info (12021): Found 1 design units, including 1 entities, in source file db/lpm_divide_1dm.tdf
    Info (12023): Found entity 1: lpm_divide_1dm
Info (12021): Found 1 design units, including 1 entities, in source file db/sign_div_unsign_bkh.tdf
    Info (12023): Found entity 1: sign_div_unsign_bkh
Info (12021): Found 1 design units, including 1 entities, in source file db/alt_u_div_ove.tdf
    Info (12023): Found entity 1: alt_u_div_ove
Info (12021): Found 1 design units, including 1 entities, in source file db/add_sub_lkc.tdf
    Info (12023): Found entity 1: add_sub_lkc
Info (12021): Found 1 design units, including 1 entities, in source file db/add_sub_mkc.tdf
    Info (12023): Found entity 1: add_sub_mkc
Info (12130): Elaborated megafunction instantiation "Bin3Dec:u4|Three_Digit_BCD_Converter:u1|lpm_divide:Div0"
Info (12133): Instantiated megafunction "Bin3Dec:u4|Three_Digit_BCD_Converter:u1|lpm_divide:Div0" with the following parameter:
    Info (12134): Parameter "LPM_WIDTHN" = "8"
    Info (12134): Parameter "LPM_WIDTHD" = "7"
    Info (12134): Parameter "LPM_NREPRESENTATION" = "UNSIGNED"
    Info (12134): Parameter "LPM_DREPRESENTATION" = "UNSIGNED"
Info (12021): Found 1 design units, including 1 entities, in source file db/lpm_divide_4dm.tdf
    Info (12023): Found entity 1: lpm_divide_4dm
Info (12021): Found 1 design units, including 1 entities, in source file db/sign_div_unsign_ekh.tdf
    Info (12023): Found entity 1: sign_div_unsign_ekh
Info (12021): Found 1 design units, including 1 entities, in source file db/alt_u_div_uve.tdf
    Info (12023): Found entity 1: alt_u_div_uve
Warning (13024): Output pins are stuck at VCC or GND
    Warning (13410): Pin "SEG7_hund[5]" is stuck at GND
Info (16010): Generating hard_block partition "hard_block:auto_generated_inst"
    Info (16011): Adding 0 node(s), including 0 DDIO, 0 PLL, 0 transceiver and 0 LCELL
Info (21057): Implemented 905 device resources after synthesis - the final resource count might be different
    Info (21058): Implemented 14 input pins
    Info (21059): Implemented 49 output pins
    Info (21061): Implemented 842 logic cells
Info: Quartus II 64-Bit Analysis & Synthesis was successful. 0 errors, 2 warnings
    Info: Peak virtual memory: 509 megabytes
    Info: Processing ended: Fri Oct 04 00:00:19 2013
    Info: Elapsed time: 00:00:14
    Info: Total CPU time (on all processors): 00:00:14


