Flow report for NANDLoop
Thu Oct 24 16:03:06 2013
Quartus II 64-Bit Version 12.1 Build 177 11/07/2012 SJ Full Version


---------------------
; Table of Contents ;
---------------------
  1. Legal Notice
  2. Flow Summary
  3. Flow Settings
  4. Flow Non-Default Global Settings
  5. Flow Elapsed Time
  6. Flow OS Summary
  7. Flow Log



----------------
; Legal Notice ;
----------------
Copyright (C) 1991-2012 Altera Corporation
Your use of Altera Corporation's design tools, logic functions 
and other software and tools, and its AMPP partner logic 
functions, and any output files from any of the foregoing 
(including device programming or simulation files), and any 
associated documentation or information are expressly subject 
to the terms and conditions of the Altera Program License 
Subscription Agreement, Altera MegaCore Function License 
Agreement, or other applicable license agreement, including, 
without limitation, that your use is for the sole purpose of 
programming logic devices manufactured by Altera and sold by 
Altera or its authorized distributors.  Please refer to the 
applicable agreement for further details.



+--------------------------------------------------------------------------------+
; Flow Summary                                                                   ;
+------------------------------------+-------------------------------------------+
; Flow Status                        ; Successful - Thu Oct 24 16:03:06 2013     ;
; Quartus II 64-Bit Version          ; 12.1 Build 177 11/07/2012 SJ Full Version ;
; Revision Name                      ; NANDLoop                                  ;
; Top-level Entity Name              ; NANDLoop                                  ;
; Family                             ; Cyclone II                                ;
; Device                             ; EP2C35F484C6                              ;
; Timing Models                      ; Final                                     ;
; Total logic elements               ; 3 / 33,216 ( < 1 % )                      ;
;     Total combinational functions  ; 3 / 33,216 ( < 1 % )                      ;
;     Dedicated logic registers      ; 0 / 33,216 ( 0 % )                        ;
; Total registers                    ; 0                                         ;
; Total pins                         ; 9 / 322 ( 3 % )                           ;
; Total virtual pins                 ; 0                                         ;
; Total memory bits                  ; 0 / 483,840 ( 0 % )                       ;
; Embedded Multiplier 9-bit elements ; 0 / 70 ( 0 % )                            ;
; Total PLLs                         ; 0 / 4 ( 0 % )                             ;
+------------------------------------+-------------------------------------------+


+-----------------------------------------+
; Flow Settings                           ;
+-------------------+---------------------+
; Option            ; Setting             ;
+-------------------+---------------------+
; Start date & time ; 10/24/2013 16:02:29 ;
; Main task         ; Compilation         ;
; Revision Name     ; NANDLoop            ;
+-------------------+---------------------+


+----------------------------------------------------------------------------------------------------------------------+
; Flow Non-Default Global Settings                                                                                     ;
+-------------------------------------+---------------------------------+---------------+-------------+----------------+
; Assignment Name                     ; Value                           ; Default Value ; Entity Name ; Section Id     ;
+-------------------------------------+---------------------------------+---------------+-------------+----------------+
; COMPILER_SIGNATURE_ID               ; 264414485691303.138262334805932 ; --            ; --          ; --             ;
; EDA_OUTPUT_DATA_FORMAT              ; Vhdl                            ; --            ; --          ; eda_simulation ;
; EDA_SIMULATION_TOOL                 ; ModelSim-Altera (VHDL)          ; <None>        ; --          ; --             ;
; MAX_CORE_JUNCTION_TEMP              ; 85                              ; --            ; --          ; --             ;
; MIN_CORE_JUNCTION_TEMP              ; 0                               ; --            ; --          ; --             ;
; PARTITION_COLOR                     ; 16764057                        ; --            ; --          ; Top            ;
; PARTITION_FITTER_PRESERVATION_LEVEL ; PLACEMENT_AND_ROUTING           ; --            ; --          ; Top            ;
; PARTITION_NETLIST_TYPE              ; SOURCE                          ; --            ; --          ; Top            ;
; PROJECT_OUTPUT_DIRECTORY            ; output_files                    ; --            ; --          ; --             ;
+-------------------------------------+---------------------------------+---------------+-------------+----------------+


+-------------------------------------------------------------------------------------------------------------------------------+
; Flow Elapsed Time                                                                                                             ;
+---------------------------+--------------+-------------------------+---------------------+------------------------------------+
; Module Name               ; Elapsed Time ; Average Processors Used ; Peak Virtual Memory ; Total CPU Time (on all processors) ;
+---------------------------+--------------+-------------------------+---------------------+------------------------------------+
; Analysis & Synthesis      ; 00:00:06     ; 1.0                     ; 497 MB              ; 00:00:05                           ;
; Fitter                    ; 00:00:15     ; 1.8                     ; 682 MB              ; 00:00:18                           ;
; Assembler                 ; 00:00:07     ; 1.0                     ; 426 MB              ; 00:00:07                           ;
; TimeQuest Timing Analyzer ; 00:00:03     ; 1.0                     ; 426 MB              ; 00:00:03                           ;
; EDA Netlist Writer        ; 00:00:02     ; 1.0                     ; 381 MB              ; 00:00:02                           ;
; Total                     ; 00:00:33     ; --                      ; --                  ; 00:00:35                           ;
+---------------------------+--------------+-------------------------+---------------------+------------------------------------+


+----------------------------------------------------------------------------------------+
; Flow OS Summary                                                                        ;
+---------------------------+------------------+-----------+------------+----------------+
; Module Name               ; Machine Hostname ; OS Name   ; OS Version ; Processor type ;
+---------------------------+------------------+-----------+------------+----------------+
; Analysis & Synthesis      ; Skeen            ; Windows 7 ; 6.1        ; x86_64         ;
; Fitter                    ; Skeen            ; Windows 7 ; 6.1        ; x86_64         ;
; Assembler                 ; Skeen            ; Windows 7 ; 6.1        ; x86_64         ;
; TimeQuest Timing Analyzer ; Skeen            ; Windows 7 ; 6.1        ; x86_64         ;
; EDA Netlist Writer        ; Skeen            ; Windows 7 ; 6.1        ; x86_64         ;
+---------------------------+------------------+-----------+------------+----------------+


------------
; Flow Log ;
------------
quartus_map --read_settings_files=on --write_settings_files=off NANDLoop -c NANDLoop
quartus_fit --read_settings_files=off --write_settings_files=off NANDLoop -c NANDLoop
quartus_asm --read_settings_files=off --write_settings_files=off NANDLoop -c NANDLoop
quartus_sta NANDLoop -c NANDLoop
quartus_eda --read_settings_files=off --write_settings_files=off NANDLoop -c NANDLoop



